<?xml version="1.0" encoding="UTF-8"?>
<testng-results ignored="0" total="1" passed="1" failed="0" skipped="0">
  <reporter-output>
  </reporter-output>
  <suite started-at="2022-05-07T08:04:47 IST" name="Default suite" finished-at="2022-05-07T08:05:01 IST" duration-ms="13712">
    <groups>
    </groups>
    <test started-at="2022-05-07T08:04:47 IST" name="Default test" finished-at="2022-05-07T08:05:01 IST" duration-ms="13712">
      <class name="maventest.loginjbktest">
        <test-method is-config="true" signature="openBrowser()[pri:0, instance:maventest.loginjbktest@378542de]" started-at="2022-05-07T08:04:47 IST" name="openBrowser" finished-at="2022-05-07T08:05:00 IST" duration-ms="12200" status="PASS">
          <reporter-output>
          </reporter-output>
        </test-method> <!-- openBrowser -->
        <test-method signature="VerifyTitle()[pri:0, instance:maventest.loginjbktest@378542de]" started-at="2022-05-07T08:05:00 IST" name="VerifyTitle" finished-at="2022-05-07T08:05:01 IST" duration-ms="1428" status="PASS">
          <reporter-output>
          </reporter-output>
        </test-method> <!-- VerifyTitle -->
      </class> <!-- maventest.loginjbktest -->
    </test> <!-- Default test -->
  </suite> <!-- Default suite -->
</testng-results>
